==========================
Tests for ``3-say_my_name.py``
==========================

--------------------------

>> say_my_name(12)
Traceback (most recent call last):
...
TypeError: first_name must be a string

>> say_my_name("12")
My name is 12 

>> say_my_name(NaN)
Traceback (most recent call last):
...
NameError: name 'NaN' is not defined

>>say_my_name()
Traceback (most recent call last):
...
NameError: name 'ay_my_name' is not defined. Did you mean: 'say_my_name'?

>> say_my_name()
Traceback (most recent call last):
...
TypeError: say_my_name() missing 1 required positional argument: 'first_name'

>> say_my_name("aaa")
My name is aaa 

>> say_my_name("John", "Smith")
My name is John Smith

>> say_my_name("Walter", "White")
My name is Walter White

>> say_my_name("Bob")
My name is Bob 

>> say_my_name(12, "White")
Traceback (most recent call last):
...
TypeError: first_name must be a string

>> say_my_name("")
My name is  
